<?xml version="1.0" encoding="UTF-8"?>
<!-- Generated by org.testng.reporters.JUnitReportReporter -->
<testsuite hostname="DESKTOP-7BKVPRA" failures="0" tests="1" name="Authentication.Reverse" time="0.008" errors="0" timestamp="2023-08-23T17:16:54 IST" skipped="0">
  <testcase classname="Authentication.Reverse" name="reverse" time="0.008"/>
  <system-out/>
</testsuite> <!-- Authentication.Reverse -->
