<?xml version="1.0" encoding="UTF-8"?>
<!-- Generated by org.testng.reporters.JUnitReportReporter -->
<testsuite hostname="DESKTOP-7BKVPRA" failures="0" tests="1" name="DDT.Practice" time="3.345" errors="0" timestamp="2023-08-13T11:32:39 IST" skipped="0">
  <testcase classname="DDT.Practice" name="query" time="3.345"/>
  <system-out/>
</testsuite> <!-- DDT.Practice -->
