<?xml version="1.0" encoding="UTF-8"?>
<!-- Generated by org.testng.reporters.JUnitReportReporter -->
<testsuite hostname="DESKTOP-7BKVPRA" failures="0" tests="1" name="SerializationAndDeserialization.Serialization" time="0.226" errors="0" timestamp="2023-08-10T10:17:23 IST" skipped="0">
  <testcase classname="SerializationAndDeserialization.Serialization" name="empSer" time="0.226"/>
  <system-out/>
</testsuite> <!-- SerializationAndDeserialization.Serialization -->
