<?xml version="1.0" encoding="UTF-8"?>
<!-- Generated by org.testng.reporters.JUnitReportReporter -->
<testsuite hostname="DESKTOP-7BKVPRA" failures="0" tests="1" name="CrudWithoutBDDRmg.CreateProjectWithRandom" time="2.485" errors="0" timestamp="2023-08-04T12:42:09 IST" skipped="0">
  <testcase classname="CrudWithoutBDDRmg.CreateProjectWithRandom" name="withRandomNumber" time="2.485"/>
  <system-out/>
</testsuite> <!-- CrudWithoutBDDRmg.CreateProjectWithRandom -->
