<?xml version="1.0" encoding="UTF-8"?>
<!-- Generated by org.testng.reporters.JUnitReportReporter -->
<testsuite hostname="DESKTOP-7BKVPRA" failures="0" tests="2" name="Authentication.pattern" time="0.012" errors="0" timestamp="2023-08-23T17:24:57 IST" skipped="0">
  <testcase classname="Authentication.pattern" name="pattern" time="0.009"/>
  <system-out/>
  <testcase classname="Authentication.pattern" name="vowels" time="0.003"/>
  <system-out/>
</testsuite> <!-- Authentication.pattern -->
