<?xml version="1.0" encoding="UTF-8"?>
<!-- Generated by org.testng.reporters.JUnitReportReporter -->
<testsuite hostname="DESKTOP-7BKVPRA" failures="0" tests="1" name="CrudWithBDDReq.GetProject" time="2.338" errors="0" timestamp="2023-08-04T15:40:04 IST" skipped="0">
  <testcase classname="CrudWithBDDReq.GetProject" name="getPro" time="2.338"/>
  <system-out/>
</testsuite> <!-- CrudWithBDDReq.GetProject -->
