<?xml version="1.0" encoding="UTF-8"?>
<!-- Generated by org.testng.reporters.JUnitReportReporter -->
<testsuite hostname="DESKTOP-7BKVPRA" failures="0" tests="1" name="CrudUsingPojo.DynamicUsingReqres" time="2.879" errors="0" timestamp="2023-08-10T13:10:06 IST" skipped="0">
  <testcase classname="CrudUsingPojo.DynamicUsingReqres" name="dynamic" time="2.879"/>
  <system-out/>
</testsuite> <!-- CrudUsingPojo.DynamicUsingReqres -->
