<?xml version="1.0" encoding="UTF-8"?>
<!-- Generated by org.testng.reporters.JUnitReportReporter -->
<testsuite hostname="DESKTOP-7BKVPRA" failures="0" tests="1" name="SerializationAndDeserialization.DeserWithComplex" time="0.264" errors="0" timestamp="2023-08-10T12:34:00 IST" skipped="0">
  <testcase classname="SerializationAndDeserialization.DeserWithComplex" name="deser" time="0.264"/>
  <system-out/>
</testsuite> <!-- SerializationAndDeserialization.DeserWithComplex -->
