<?xml version="1.0" encoding="UTF-8"?>
<!-- Generated by org.testng.reporters.JUnitReportReporter -->
<testsuite hostname="DESKTOP-7BKVPRA" failures="0" tests="1" name="Authentication.PreEmptive" time="1.918" errors="0" timestamp="2023-08-08T15:27:58 IST" skipped="0">
  <testcase classname="Authentication.PreEmptive" name="preEmptive" time="1.918"/>
  <system-out/>
</testsuite> <!-- Authentication.PreEmptive -->
