<?xml version="1.0" encoding="UTF-8"?>
<!-- Generated by org.testng.reporters.JUnitReportReporter -->
<testsuite hostname="DESKTOP-7BKVPRA" failures="0" tests="1" name="Authentication.BasicAuth" time="2.049" errors="0" timestamp="2023-08-08T15:20:30 IST" skipped="0">
  <testcase classname="Authentication.BasicAuth" name="basicAuth" time="2.049"/>
  <system-out/>
</testsuite> <!-- Authentication.BasicAuth -->
