<?xml version="1.0" encoding="UTF-8"?>
<!-- Generated by org.testng.reporters.JUnitReportReporter -->
<testsuite hostname="DESKTOP-7BKVPRA" failures="0" tests="1" name="CrudUsingPojo.DynamicValidation" time="3.812" errors="0" timestamp="2023-08-08T15:00:13 IST" skipped="0">
  <testcase classname="CrudUsingPojo.DynamicValidation" name="dynamic" time="3.812"/>
  <system-out/>
</testsuite> <!-- CrudUsingPojo.DynamicValidation -->
