<?xml version="1.0" encoding="UTF-8"?>
<!-- Generated by org.testng.reporters.JUnitReportReporter -->
<testsuite hostname="DESKTOP-7BKVPRA" failures="0" tests="1" name="InterviewQuestions.Cookies" time="2.513" errors="0" timestamp="2023-08-20T22:05:26 IST" skipped="0">
  <testcase classname="InterviewQuestions.Cookies" name="sendCookies" time="2.513"/>
  <system-out/>
</testsuite> <!-- InterviewQuestions.Cookies -->
