<?xml version="1.0" encoding="UTF-8"?>
<!-- Generated by org.testng.reporters.JUnitReportReporter -->
<testsuite hostname="DESKTOP-7BKVPRA" failures="0" tests="1" name="CrudWithBDDRmg.DeleteProject" time="1.775" errors="0" timestamp="2023-08-04T17:11:15 IST" skipped="0">
  <testcase classname="CrudWithBDDRmg.DeleteProject" name="delete" time="1.775"/>
  <system-out/>
</testsuite> <!-- CrudWithBDDRmg.DeleteProject -->
