<?xml version="1.0" encoding="UTF-8"?>
<!-- Generated by org.testng.reporters.JUnitReportReporter -->
<testsuite hostname="DESKTOP-7BKVPRA" failures="0" tests="1" name="CrudWithoutBDDRmg.DeleteProject" time="1.658" errors="0" timestamp="2023-08-04T12:31:06 IST" skipped="0">
  <testcase classname="CrudWithoutBDDRmg.DeleteProject" name="deleteProject" time="1.658"/>
  <system-out/>
</testsuite> <!-- CrudWithoutBDDRmg.DeleteProject -->
