<?xml version="1.0" encoding="UTF-8"?>
<!-- Generated by org.testng.reporters.JUnitReportReporter -->
<testsuite hostname="DESKTOP-7BKVPRA" failures="0" tests="1" name="CrudWithBDDReq.DeleteProject" time="2.604" errors="0" timestamp="2023-08-04T16:01:20 IST" skipped="0">
  <testcase classname="CrudWithBDDReq.DeleteProject" name="delete" time="2.604"/>
  <system-out/>
</testsuite> <!-- CrudWithBDDReq.DeleteProject -->
