<?xml version="1.0" encoding="UTF-8"?>
<!-- Generated by org.testng.reporters.JUnitReportReporter -->
<testsuite hostname="DESKTOP-7BKVPRA" failures="0" tests="1" name="SerializationAndDeserialization.SerUsingArray" time="0.223" errors="0" timestamp="2023-08-10T11:22:37 IST" skipped="0">
  <testcase classname="SerializationAndDeserialization.SerUsingArray" name="serUsingArray" time="0.223"/>
  <system-out/>
</testsuite> <!-- SerializationAndDeserialization.SerUsingArray -->
