<?xml version="1.0" encoding="UTF-8"?>
<!-- Generated by org.testng.reporters.JUnitReportReporter -->
<testsuite hostname="DESKTOP-7BKVPRA" failures="0" tests="1" name="CrudUsingPojo.SendReq" time="2.639" errors="0" timestamp="2023-08-09T15:19:19 IST" skipped="0">
  <testcase classname="CrudUsingPojo.SendReq" name="sendReq" time="2.639"/>
  <system-out/>
</testsuite> <!-- CrudUsingPojo.SendReq -->
