<?xml version="1.0" encoding="UTF-8"?>
<!-- Generated by org.testng.reporters.JUnitReportReporter -->
<testsuite hostname="DESKTOP-7BKVPRA" failures="0" tests="1" name="CrudUsingPojo.DeleteProject" time="1.822" errors="0" timestamp="2023-08-07T11:01:12 IST" skipped="0">
  <testcase classname="CrudUsingPojo.DeleteProject" name="delete" time="1.822"/>
  <system-out/>
</testsuite> <!-- CrudUsingPojo.DeleteProject -->
