<?xml version="1.0" encoding="UTF-8"?>
<!-- Generated by org.testng.reporters.JUnitReportReporter -->
<testsuite hostname="DESKTOP-7BKVPRA" failures="0" tests="1" name="CrudWithBDDRmg.UpdateProject" time="2.047" errors="0" timestamp="2023-08-04T17:03:14 IST" skipped="0">
  <testcase classname="CrudWithBDDRmg.UpdateProject" name="updateProject" time="2.047"/>
  <system-out/>
</testsuite> <!-- CrudWithBDDRmg.UpdateProject -->
