<?xml version="1.0" encoding="UTF-8"?>
<!-- Generated by org.testng.reporters.JUnitReportReporter -->
<testsuite hostname="DESKTOP-7BKVPRA" failures="0" tests="1" name="RequestChaining.CreateProject" time="3.115" errors="0" timestamp="2023-08-08T10:31:49 IST" skipped="0">
  <testcase classname="RequestChaining.CreateProject" name="createPro" time="3.115"/>
  <system-out/>
</testsuite> <!-- RequestChaining.CreateProject -->
