<?xml version="1.0" encoding="UTF-8"?>
<!-- Generated by org.testng.reporters.JUnitReportReporter -->
<testsuite hostname="DESKTOP-7BKVPRA" failures="0" tests="1" name="SerializationAndDeserialization.DeserUsingArray" time="0.262" errors="0" timestamp="2023-08-10T11:25:20 IST" skipped="0">
  <testcase classname="SerializationAndDeserialization.DeserUsingArray" name="deserUsingArray" time="0.262"/>
  <system-out/>
</testsuite> <!-- SerializationAndDeserialization.DeserUsingArray -->
