<?xml version="1.0" encoding="UTF-8"?>
<!-- Generated by org.testng.reporters.JUnitReportReporter -->
<testsuite hostname="DESKTOP-7BKVPRA" failures="0" tests="3" name="DDT.DataProviderProgramme" time="2.400" errors="0" timestamp="2023-08-08T11:43:56 IST" skipped="0">
  <testcase classname="DDT.DataProviderProgramme" name="createProject" time="0.123"/>
  <system-out/>
  <testcase classname="DDT.DataProviderProgramme" name="createProject" time="2.170"/>
  <system-out/>
  <testcase classname="DDT.DataProviderProgramme" name="createProject" time="0.107"/>
  <system-out/>
</testsuite> <!-- DDT.DataProviderProgramme -->
