<?xml version="1.0" encoding="UTF-8"?>
<!-- Generated by org.testng.reporters.JUnitReportReporter -->
<testsuite hostname="DESKTOP-7BKVPRA" failures="0" tests="1" name="RequestChaining.CreateProUsingReqres" time="4.372" errors="0" timestamp="2023-08-08T11:03:29 IST" skipped="0">
  <testcase classname="RequestChaining.CreateProUsingReqres" name="create" time="4.372"/>
  <system-out/>
</testsuite> <!-- RequestChaining.CreateProUsingReqres -->
