<?xml version="1.0" encoding="UTF-8"?>
<!-- Generated by org.testng.reporters.JUnitReportReporter -->
<testsuite hostname="DESKTOP-7BKVPRA" failures="0" tests="1" name="ScenerioBasedProgramme.CreateProjectAndVerify" time="17.854" errors="0" timestamp="2023-08-16T10:35:54 IST" skipped="0">
  <testcase classname="ScenerioBasedProgramme.CreateProjectAndVerify" name="createAndVerifyWrtDB" time="17.854"/>
  <system-out/>
</testsuite> <!-- ScenerioBasedProgramme.CreateProjectAndVerify -->
