<?xml version="1.0" encoding="UTF-8"?>
<!-- Generated by org.testng.reporters.JUnitReportReporter -->
<testsuite hostname="DESKTOP-7BKVPRA" failures="0" tests="1" name="CrudUsingJsonFile.UpdateProject" time="1.720" errors="0" timestamp="2023-08-07T10:42:39 IST" skipped="0">
  <testcase classname="CrudUsingJsonFile.UpdateProject" name="update" time="1.720"/>
  <system-out/>
</testsuite> <!-- CrudUsingJsonFile.UpdateProject -->
