<?xml version="1.0" encoding="UTF-8"?>
<!-- Generated by org.testng.reporters.JUnitReportReporter -->
<testsuite hostname="DESKTOP-7BKVPRA" failures="0" tests="1" name="CrudUsingPojo.UpdateProject" time="2.559" errors="0" timestamp="2023-08-07T10:58:25 IST" skipped="0">
  <testcase classname="CrudUsingPojo.UpdateProject" name="updatePro" time="2.559"/>
  <system-out/>
</testsuite> <!-- CrudUsingPojo.UpdateProject -->
