<?xml version="1.0" encoding="UTF-8"?>
<!-- Generated by org.testng.reporters.JUnitReportReporter -->
<testsuite hostname="DESKTOP-7BKVPRA" failures="0" tests="1" name="CrudUsingPojo.StaticValidation" time="3.905" errors="0" timestamp="2023-08-10T13:19:11 IST" skipped="0">
  <testcase classname="CrudUsingPojo.StaticValidation" name="staticvalid" time="3.905"/>
  <system-out/>
</testsuite> <!-- CrudUsingPojo.StaticValidation -->
