<?xml version="1.0" encoding="UTF-8"?>
<!-- Generated by org.testng.reporters.JUnitReportReporter -->
<testsuite hostname="DESKTOP-7BKVPRA" failures="0" tests="1" name="CrudWithoutBDD.UpdateProject" time="2.970" errors="0" timestamp="2023-08-04T11:25:33 IST" skipped="0">
  <testcase classname="CrudWithoutBDD.UpdateProject" name="updatePro" time="2.970"/>
  <system-out/>
</testsuite> <!-- CrudWithoutBDD.UpdateProject -->
