<?xml version="1.0" encoding="UTF-8"?>
<!-- Generated by org.testng.reporters.JUnitReportReporter -->
<testsuite hostname="DESKTOP-7BKVPRA" failures="0" tests="1" name="SerializationAndDeserialization.SerWithComplexData" time="0.238" errors="0" timestamp="2023-08-10T12:26:19 IST" skipped="0">
  <testcase classname="SerializationAndDeserialization.SerWithComplexData" name="serWithComplex" time="0.238"/>
  <system-out/>
</testsuite> <!-- SerializationAndDeserialization.SerWithComplexData -->
