<?xml version="1.0" encoding="UTF-8"?>
<!-- Generated by org.testng.reporters.JUnitReportReporter -->
<testsuite hostname="DESKTOP-7BKVPRA" failures="0" tests="1" name="CrudWithoutBDDRmg.CreateProject" time="2.135" errors="0" timestamp="2023-08-04T12:54:22 IST" skipped="0">
  <testcase classname="CrudWithoutBDDRmg.CreateProject" name="createPro" time="2.135"/>
  <system-out/>
</testsuite> <!-- CrudWithoutBDDRmg.CreateProject -->
