<?xml version="1.0" encoding="UTF-8"?>
<!-- Generated by org.testng.reporters.JUnitReportReporter -->
<testsuite hostname="DESKTOP-7BKVPRA" failures="0" tests="1" name="CrudUsingPojoReqres.CreateProject" time="3.944" errors="0" timestamp="2023-08-07T16:09:33 IST" skipped="0">
  <testcase classname="CrudUsingPojoReqres.CreateProject" name="create" time="3.944"/>
  <system-out/>
</testsuite> <!-- CrudUsingPojoReqres.CreateProject -->
