<?xml version="1.0" encoding="UTF-8"?>
<!-- Generated by org.testng.reporters.JUnitReportReporter -->
<testsuite hostname="DESKTOP-7BKVPRA" failures="0" tests="1" name="CrudWithBDDReq.UpdateProject" time="3.467" errors="0" timestamp="2023-08-04T15:58:17 IST" skipped="0">
  <testcase classname="CrudWithBDDReq.UpdateProject" name="update" time="3.467"/>
  <system-out/>
</testsuite> <!-- CrudWithBDDReq.UpdateProject -->
