<?xml version="1.0" encoding="UTF-8"?>
<!-- Generated by org.testng.reporters.JUnitReportReporter -->
<testsuite hostname="DESKTOP-7BKVPRA" failures="0" tests="1" name="CrudUsingJsonFile.getProject" time="1.790" errors="0" timestamp="2023-08-07T11:09:00 IST" skipped="0">
  <testcase classname="CrudUsingJsonFile.getProject" name="getPro" time="1.790"/>
  <system-out/>
</testsuite> <!-- CrudUsingJsonFile.getProject -->
