<?xml version="1.0" encoding="UTF-8"?>
<!-- Generated by org.testng.reporters.JUnitReportReporter -->
<testsuite hostname="DESKTOP-7BKVPRA" failures="0" tests="1" name="CrudWithBDDRmg.GetProject" time="1.780" errors="0" timestamp="2023-08-04T16:19:11 IST" skipped="0">
  <testcase classname="CrudWithBDDRmg.GetProject" name="getProject" time="1.780"/>
  <system-out/>
</testsuite> <!-- CrudWithBDDRmg.GetProject -->
