<?xml version="1.0" encoding="UTF-8"?>
<!-- Generated by org.testng.reporters.JUnitReportReporter -->
<testsuite hostname="DESKTOP-7BKVPRA" failures="0" tests="1" name="CrudWithoutBDD.DeleteProject" time="2.614" errors="0" timestamp="2023-08-04T11:30:22 IST" skipped="0">
  <testcase classname="CrudWithoutBDD.DeleteProject" name="deleteProject" time="2.614"/>
  <system-out/>
</testsuite> <!-- CrudWithoutBDD.DeleteProject -->
