<?xml version="1.0" encoding="UTF-8"?>
<!-- Generated by org.testng.reporters.JUnitReportReporter -->
<testsuite hostname="DESKTOP-7BKVPRA" failures="0" tests="1" name="SerializationAndDeserialization.Deserialization" time="0.223" errors="0" timestamp="2023-08-10T10:41:06 IST" skipped="0">
  <testcase classname="SerializationAndDeserialization.Deserialization" name="empDeser" time="0.223"/>
  <system-out/>
</testsuite> <!-- SerializationAndDeserialization.Deserialization -->
