<?xml version="1.0" encoding="UTF-8"?>
<!-- Generated by org.testng.reporters.JUnitReportReporter -->
<testsuite hostname="DESKTOP-7BKVPRA" failures="0" tests="1" name="InterviewQuestions.UploadImage" time="3.176" errors="0" timestamp="2023-08-21T19:57:15 IST" skipped="0">
  <testcase classname="InterviewQuestions.UploadImage" name="uploadImage" time="3.176"/>
  <system-out/>
</testsuite> <!-- InterviewQuestions.UploadImage -->
