<?xml version="1.0" encoding="UTF-8"?>
<!-- Generated by org.testng.reporters.JUnitReportReporter -->
<testsuite hostname="DESKTOP-7BKVPRA" failures="0" tests="1" name="CrudWithoutBDDRmg.GetProject" time="1.748" errors="0" timestamp="2023-08-04T13:23:04 IST" skipped="0">
  <testcase classname="CrudWithoutBDDRmg.GetProject" name="getProject" time="1.748"/>
  <system-out/>
</testsuite> <!-- CrudWithoutBDDRmg.GetProject -->
