<?xml version="1.0" encoding="UTF-8"?>
<!-- Generated by org.testng.reporters.JUnitReportReporter -->
<testsuite hostname="DESKTOP-7BKVPRA" failures="0" tests="1" name="CrudWithBDDRmg.CreateProject" time="2.370" errors="0" timestamp="2023-08-04T16:14:14 IST" skipped="0">
  <testcase classname="CrudWithBDDRmg.CreateProject" name="create" time="2.370"/>
  <system-out/>
</testsuite> <!-- CrudWithBDDRmg.CreateProject -->
