<?xml version="1.0" encoding="UTF-8"?>
<!-- Generated by org.testng.reporters.JUnitReportReporter -->
<testsuite hostname="DESKTOP-7BKVPRA" failures="0" tests="1" name="ScenerioBasedProgramme.CosmoCodeScenerio" time="13.564" errors="0" timestamp="2023-08-18T11:30:46 IST" skipped="0">
  <testcase classname="ScenerioBasedProgramme.CosmoCodeScenerio" name="test" time="13.564"/>
  <system-out/>
</testsuite> <!-- ScenerioBasedProgramme.CosmoCodeScenerio -->
