<?xml version="1.0" encoding="UTF-8"?>
<!-- Generated by org.testng.reporters.JUnitReportReporter -->
<testsuite hostname="DESKTOP-7BKVPRA" failures="0" tests="1" name="Parameters.PathParameter" time="1.961" errors="0" timestamp="2023-08-07T17:26:55 IST" skipped="0">
  <testcase classname="Parameters.PathParameter" name="createPro" time="1.961"/>
  <system-out/>
</testsuite> <!-- Parameters.PathParameter -->
