<?xml version="1.0" encoding="UTF-8"?>
<!-- Generated by org.testng.reporters.JUnitReportReporter -->
<testsuite hostname="DESKTOP-7BKVPRA" failures="0" tests="1" name="ResponseHeaderValidation.ResponseHeader" time="1.795" errors="0" timestamp="2023-08-09T15:39:52 IST" skipped="0">
  <testcase classname="ResponseHeaderValidation.ResponseHeader" name="validateResponse" time="1.795"/>
  <system-out/>
</testsuite> <!-- ResponseHeaderValidation.ResponseHeader -->
