<?xml version="1.0" encoding="UTF-8"?>
<!-- Generated by org.testng.reporters.JUnitReportReporter -->
<testsuite hostname="DESKTOP-7BKVPRA" failures="0" tests="1" name="InterviewQuestions.CheckResponseIsJsonObj_Arr_String" time="1.756" errors="0" timestamp="2023-08-21T18:21:34 IST" skipped="0">
  <testcase classname="InterviewQuestions.CheckResponseIsJsonObj_Arr_String" name="passingCookies_using_With" time="1.756"/>
  <system-out/>
</testsuite> <!-- InterviewQuestions.CheckResponseIsJsonObj_Arr_String -->
