<?xml version="1.0" encoding="UTF-8"?>
<!-- Generated by org.testng.reporters.JUnitReportReporter -->
<testsuite hostname="DESKTOP-7BKVPRA" failures="0" tests="1" name="Authentication.Oauth2_0" time="4.941" errors="0" timestamp="2023-08-09T11:23:18 IST" skipped="0">
  <testcase classname="Authentication.Oauth2_0" name="oauthToken" time="4.941"/>
  <system-out/>
</testsuite> <!-- Authentication.Oauth2_0 -->
