<?xml version="1.0" encoding="UTF-8"?>
<!-- Generated by org.testng.reporters.JUnitReportReporter -->
<testsuite hostname="DESKTOP-7BKVPRA" failures="0" tests="1" name="CrudUsingJsonFile.DeleteProject" time="1.853" errors="0" timestamp="2023-08-07T10:47:58 IST" skipped="0">
  <testcase classname="CrudUsingJsonFile.DeleteProject" name="delete" time="1.853"/>
  <system-out/>
</testsuite> <!-- CrudUsingJsonFile.DeleteProject -->
