<?xml version="1.0" encoding="UTF-8"?>
<!-- Generated by org.testng.reporters.JUnitReportReporter -->
<testsuite hostname="DESKTOP-7BKVPRA" failures="0" tests="1" name="Authentication.BasicAuthDigestive" time="2.116" errors="0" timestamp="2023-08-08T15:25:06 IST" skipped="0">
  <testcase classname="Authentication.BasicAuthDigestive" name="digestive" time="2.116"/>
  <system-out/>
</testsuite> <!-- Authentication.BasicAuthDigestive -->
