<?xml version="1.0" encoding="UTF-8"?>
<!-- Generated by org.testng.reporters.JUnitReportReporter -->
<testsuite hostname="DESKTOP-7BKVPRA" failures="0" tests="1" name="CrudUsingPojo.StaticUsingReqres" time="3.347" errors="0" timestamp="2023-08-10T13:12:19 IST" skipped="0">
  <testcase classname="CrudUsingPojo.StaticUsingReqres" name="staticValid" time="3.347"/>
  <system-out/>
</testsuite> <!-- CrudUsingPojo.StaticUsingReqres -->
