<?xml version="1.0" encoding="UTF-8"?>
<!-- Generated by org.testng.reporters.JUnitReportReporter -->
<testsuite hostname="DESKTOP-7BKVPRA" failures="0" tests="1" name="CrudWithoutBDDRmg.UpdateProject" time="2.156" errors="0" timestamp="2023-08-04T12:29:19 IST" skipped="0">
  <testcase classname="CrudWithoutBDDRmg.UpdateProject" name="updateProject" time="2.156"/>
  <system-out/>
</testsuite> <!-- CrudWithoutBDDRmg.UpdateProject -->
