<?xml version="1.0" encoding="UTF-8"?>
<!-- Generated by org.testng.reporters.JUnitReportReporter -->
<testsuite hostname="DESKTOP-7BKVPRA" failures="0" tests="1" name="CrudUsingJsonFile.createProject" time="1.879" errors="0" timestamp="2023-08-07T11:07:45 IST" skipped="0">
  <testcase classname="CrudUsingJsonFile.createProject" name="create" time="1.879"/>
  <system-out/>
</testsuite> <!-- CrudUsingJsonFile.createProject -->
