<?xml version="1.0" encoding="UTF-8"?>
<!-- Generated by org.testng.reporters.JUnitReportReporter -->
<testsuite hostname="DESKTOP-7BKVPRA" failures="0" tests="1" name="CrudWithBDDReq.CreateProject" time="3.586" errors="0" timestamp="2023-08-04T15:28:40 IST" skipped="0">
  <testcase classname="CrudWithBDDReq.CreateProject" name="createPro" time="3.586"/>
  <system-out/>
</testsuite> <!-- CrudWithBDDReq.CreateProject -->
