<?xml version="1.0" encoding="UTF-8"?>
<!-- Generated by org.testng.reporters.JUnitReportReporter -->
<testsuite hostname="DESKTOP-7BKVPRA" failures="0" tests="1" name="Parameters.QueryParameter" time="2.535" errors="0" timestamp="2023-08-08T16:11:55 IST" skipped="0">
  <testcase classname="Parameters.QueryParameter" name="queryParam" time="2.535"/>
  <system-out/>
</testsuite> <!-- Parameters.QueryParameter -->
